{"numTotalTestSuites":27,"numPassedTestSuites":27,"numFailedTestSuites":0,"numPendingTestSuites":0,"numTotalTests":32,"numPassedTests":32,"numFailedTests":0,"numPendingTests":0,"numTodoTests":0,"snapshot":{"added":0,"failure":false,"filesAdded":0,"filesRemoved":0,"filesRemovedList":[],"filesUnmatched":0,"filesUpdated":0,"matched":0,"total":0,"unchecked":0,"uncheckedKeysByFile":[],"unmatched":0,"updated":0,"didUpdate":false},"startTime":1761874810552,"success":true,"testResults":[{"assertionResults":[{"ancestorTitles":["ConfigLocator","loadConfig"],"fullName":"ConfigLocator loadConfig should load config from primary location (.vscode/mcp_config.json)","status":"passed","title":"should load config from primary location (.vscode/mcp_config.json)","duration":4.402740999999992,"failureMessages":[],"meta":{}},{"ancestorTitles":["ConfigLocator","loadConfig"],"fullName":"ConfigLocator loadConfig should fallback to secondary location (config/mcp-config.json) when primary fails","status":"passed","title":"should fallback to secondary location (config/mcp-config.json) when primary fails","duration":0.6239330000000223,"failureMessages":[],"meta":{}},{"ancestorTitles":["ConfigLocator","loadConfig"],"fullName":"ConfigLocator loadConfig should throw error when both locations fail","status":"passed","title":"should throw error when both locations fail","duration":0.9107290000000035,"failureMessages":[],"meta":{}},{"ancestorTitles":["ConfigLocator","loadConfig"],"fullName":"ConfigLocator loadConfig should throw error for invalid JSON","status":"passed","title":"should throw error for invalid JSON","duration":0.401538999999957,"failureMessages":[],"meta":{}}],"startTime":1761874816748,"endTime":1761874816754.4016,"status":"passed","message":"","name":"/workspaces/ProspectPro/dev-tools/agents/client-service-layer/__tests__/ConfigLocator.test.ts"},{"assertionResults":[{"ancestorTitles":["MCPClientManager Integration Tests"],"fullName":"MCPClientManager Integration Tests should initialize, create clients, and dispose properly","status":"passed","title":"should initialize, create clients, and dispose properly","duration":209.022949,"failureMessages":[],"meta":{}},{"ancestorTitles":["MCPClientManager Integration Tests: Stress Testing"],"fullName":"MCPClientManager Integration Tests: Stress Testing should handle configuration errors gracefully","status":"passed","title":"should handle configuration errors gracefully","duration":3.172766999999965,"failureMessages":[],"meta":{}},{"ancestorTitles":["MCPClientManager Integration Tests: Stress Testing"],"fullName":"MCPClientManager Integration Tests: Stress Testing should handle retry logic on connection failures","status":"passed","title":"should handle retry logic on connection failures","duration":114.81949500000002,"failureMessages":[],"meta":{}},{"ancestorTitles":["MCPClientManager Integration Tests: Stress Testing"],"fullName":"MCPClientManager Integration Tests: Stress Testing should handle multiple concurrent client requests","status":"passed","title":"should handle multiple concurrent client requests","duration":100.76158399999997,"failureMessages":[],"meta":{}},{"ancestorTitles":["MCPClientManager Integration Tests: Stress Testing"],"fullName":"MCPClientManager Integration Tests: Stress Testing should handle rapid create/dispose cycles","status":"passed","title":"should handle rapid create/dispose cycles","duration":502.282608,"failureMessages":[],"meta":{}}],"startTime":1761874815491,"endTime":1761874816422.2827,"status":"passed","message":"","name":"/workspaces/ProspectPro/dev-tools/agents/client-service-layer/__tests__/MCPClientManager.integration.test.ts"},{"assertionResults":[{"ancestorTitles":["MCPClientManager","initialize"],"fullName":"MCPClientManager initialize should initialize successfully with valid config","status":"passed","title":"should initialize successfully with valid config","duration":3.008150999999998,"failureMessages":[],"meta":{}},{"ancestorTitles":["MCPClientManager","initialize"],"fullName":"MCPClientManager initialize should handle config warnings","status":"passed","title":"should handle config warnings","duration":0.6038070000000175,"failureMessages":[],"meta":{}},{"ancestorTitles":["MCPClientManager","initialize"],"fullName":"MCPClientManager initialize should throw error on config load failure","status":"passed","title":"should throw error on config load failure","duration":2.2239589999999794,"failureMessages":[],"meta":{}},{"ancestorTitles":["MCPClientManager","getClient"],"fullName":"MCPClientManager getClient should throw error if not initialized","status":"passed","title":"should throw error if not initialized","duration":1.2938040000000228,"failureMessages":[],"meta":{}},{"ancestorTitles":["MCPClientManager","getClient"],"fullName":"MCPClientManager getClient should return client for valid server","status":"passed","title":"should return client for valid server","duration":100.74396200000001,"failureMessages":[],"meta":{}},{"ancestorTitles":["MCPClientManager","getClient"],"fullName":"MCPClientManager getClient should throw error for unknown server","status":"passed","title":"should throw error for unknown server","duration":0.9736059999999611,"failureMessages":[],"meta":{}},{"ancestorTitles":["MCPClientManager","retry logic"],"fullName":"MCPClientManager retry logic should retry on failure and succeed","status":"passed","title":"should retry on failure and succeed","duration":795.208663,"failureMessages":[],"meta":{}},{"ancestorTitles":["MCPClientManager","retry logic"],"fullName":"MCPClientManager retry logic should fail after max attempts","status":"passed","title":"should fail after max attempts","duration":3376.1448990000004,"failureMessages":[],"meta":{}},{"ancestorTitles":["MCPClientManager","dispose and destroyAll"],"fullName":"MCPClientManager dispose and destroyAll should dispose client successfully","status":"passed","title":"should dispose client successfully","duration":1.0584650000000693,"failureMessages":[],"meta":{}},{"ancestorTitles":["MCPClientManager","dispose and destroyAll"],"fullName":"MCPClientManager dispose and destroyAll should handle dispose errors gracefully","status":"passed","title":"should handle dispose errors gracefully","duration":0.902473999999529,"failureMessages":[],"meta":{}},{"ancestorTitles":["MCPClientManager","dispose and destroyAll"],"fullName":"MCPClientManager dispose and destroyAll should destroy all clients","status":"passed","title":"should destroy all clients","duration":0.8880669999998645,"failureMessages":[],"meta":{}}],"startTime":1761874810946,"endTime":1761874815230.8882,"status":"passed","message":"","name":"/workspaces/ProspectPro/dev-tools/agents/client-service-layer/__tests__/MCPClientManager.test.ts"},{"assertionResults":[{"ancestorTitles":["WorkspaceContext","getWorkspaceRoot"],"fullName":"WorkspaceContext getWorkspaceRoot should return injected root when provided","status":"passed","title":"should return injected root when provided","duration":1.1946590000000015,"failureMessages":[],"meta":{}},{"ancestorTitles":["WorkspaceContext","getWorkspaceRoot"],"fullName":"WorkspaceContext getWorkspaceRoot should return VS Code workspace folder when available","status":"passed","title":"should return VS Code workspace folder when available","duration":0.19070600000000582,"failureMessages":[],"meta":{}},{"ancestorTitles":["WorkspaceContext","getWorkspaceRoot"],"fullName":"WorkspaceContext getWorkspaceRoot should prioritize injected root over VS Code folders","status":"passed","title":"should prioritize injected root over VS Code folders","duration":0.1769599999999798,"failureMessages":[],"meta":{}},{"ancestorTitles":["WorkspaceContext","getWorkspaceRoot"],"fullName":"WorkspaceContext getWorkspaceRoot should throw error when no workspace root available","status":"passed","title":"should throw error when no workspace root available","duration":0.8623190000000136,"failureMessages":[],"meta":{}}],"startTime":1761874817237,"endTime":1761874817239.8623,"status":"passed","message":"","name":"/workspaces/ProspectPro/dev-tools/agents/client-service-layer/__tests__/WorkspaceContext.test.ts"},{"assertionResults":[{"ancestorTitles":["Frontend utilities"],"fullName":"Frontend utilities should have basic test coverage","status":"passed","title":"should have basic test coverage","duration":1.065367000000009,"failureMessages":[],"meta":{}}],"startTime":1761874818442,"endTime":1761874818443.0654,"status":"passed","message":"","name":"/workspaces/ProspectPro/app/frontend/src/utils/__tests__/basic.test.ts"},{"assertionResults":[{"ancestorTitles":["transformCampaignData"],"fullName":"transformCampaignData normalizes campaign status, metrics, and lead enrichment","status":"passed","title":"normalizes campaign status, metrics, and lead enrichment","duration":3.5129719999999907,"failureMessages":[],"meta":{}},{"ancestorTitles":["transformCampaignData"],"fullName":"transformCampaignData provides safe defaults when enrichment data is missing","status":"passed","title":"provides safe defaults when enrichment data is missing","duration":0.8980050000000119,"failureMessages":[],"meta":{}},{"ancestorTitles":["transformCampaignData"],"fullName":"transformCampaignData drops leads that do not have an identifier","status":"passed","title":"drops leads that do not have an identifier","duration":1.5023319999999956,"failureMessages":[],"meta":{}}],"startTime":1761874816994,"endTime":1761874817000.5024,"status":"passed","message":"","name":"/workspaces/ProspectPro/app/frontend/src/utils/__tests__/campaignTransforms.test.ts"},{"assertionResults":[{"ancestorTitles":["Smoke tests"],"fullName":"Smoke tests should pass basic smoke test","status":"passed","title":"should pass basic smoke test","duration":1.1023160000000018,"failureMessages":[],"meta":{}}],"startTime":1761874818196,"endTime":1761874818197.1023,"status":"passed","message":"","name":"/workspaces/ProspectPro/app/frontend/src/utils/__tests__/smoke.test.ts"},{"assertionResults":[{"ancestorTitles":["client-service-layer unit tests"],"fullName":"client-service-layer unit tests should pass placeholder test","status":"passed","title":"should pass placeholder test","duration":1.0813770000000034,"failureMessages":[],"meta":{}}],"startTime":1761874817465,"endTime":1761874817466.0813,"status":"passed","message":"","name":"/workspaces/ProspectPro/dev-tools/testing/agents/client-service-layer/unit/client-service-layer.test.ts"},{"assertionResults":[{"ancestorTitles":["context unit tests"],"fullName":"context unit tests should pass placeholder test","status":"passed","title":"should pass placeholder test","duration":1.5356549999999913,"failureMessages":[],"meta":{}}],"startTime":1761874817950,"endTime":1761874817951.5356,"status":"passed","message":"","name":"/workspaces/ProspectPro/dev-tools/testing/agents/context/unit/context.test.ts"},{"assertionResults":[{"ancestorTitles":["mcp-servers unit tests"],"fullName":"mcp-servers unit tests should pass placeholder test","status":"passed","title":"should pass placeholder test","duration":1.0805450000000008,"failureMessages":[],"meta":{}}],"startTime":1761874817710,"endTime":1761874817711.0806,"status":"passed","message":"","name":"/workspaces/ProspectPro/dev-tools/testing/agents/mcp-servers/unit/mcp-servers.test.ts"}]}