{"numTotalTestSuites":27,"numPassedTestSuites":27,"numFailedTestSuites":0,"numPendingTestSuites":0,"numTotalTests":32,"numPassedTests":32,"numFailedTests":0,"numPendingTests":0,"numTodoTests":0,"snapshot":{"added":0,"failure":false,"filesAdded":0,"filesRemoved":0,"filesRemovedList":[],"filesUnmatched":0,"filesUpdated":0,"matched":0,"total":0,"unchecked":0,"uncheckedKeysByFile":[],"unmatched":0,"updated":0,"didUpdate":false},"startTime":1761887727909,"success":true,"testResults":[{"assertionResults":[{"ancestorTitles":["ConfigLocator","loadConfig"],"fullName":"ConfigLocator loadConfig should load config from primary location (.vscode/mcp_config.json)","status":"passed","title":"should load config from primary location (.vscode/mcp_config.json)","duration":5.081837000000007,"failureMessages":[],"meta":{}},{"ancestorTitles":["ConfigLocator","loadConfig"],"fullName":"ConfigLocator loadConfig should fallback to secondary location (config/mcp-config.json) when primary fails","status":"passed","title":"should fallback to secondary location (config/mcp-config.json) when primary fails","duration":0.7581140000000346,"failureMessages":[],"meta":{}},{"ancestorTitles":["ConfigLocator","loadConfig"],"fullName":"ConfigLocator loadConfig should throw error when both locations fail","status":"passed","title":"should throw error when both locations fail","duration":1.0695249999999987,"failureMessages":[],"meta":{}},{"ancestorTitles":["ConfigLocator","loadConfig"],"fullName":"ConfigLocator loadConfig should throw error for invalid JSON","status":"passed","title":"should throw error for invalid JSON","duration":0.42898999999999887,"failureMessages":[],"meta":{}}],"startTime":1761887734419,"endTime":1761887734426.429,"status":"passed","message":"","name":"/workspaces/ProspectPro/dev-tools/agents/client-service-layer/__tests__/ConfigLocator.test.ts"},{"assertionResults":[{"ancestorTitles":["MCPClientManager Integration Tests"],"fullName":"MCPClientManager Integration Tests should initialize, create clients, and dispose properly","status":"passed","title":"should initialize, create clients, and dispose properly","duration":209.63816499999996,"failureMessages":[],"meta":{}},{"ancestorTitles":["MCPClientManager Integration Tests: Stress Testing"],"fullName":"MCPClientManager Integration Tests: Stress Testing should handle configuration errors gracefully","status":"passed","title":"should handle configuration errors gracefully","duration":2.085179000000039,"failureMessages":[],"meta":{}},{"ancestorTitles":["MCPClientManager Integration Tests: Stress Testing"],"fullName":"MCPClientManager Integration Tests: Stress Testing should handle retry logic on connection failures","status":"passed","title":"should handle retry logic on connection failures","duration":111.87951100000004,"failureMessages":[],"meta":{}},{"ancestorTitles":["MCPClientManager Integration Tests: Stress Testing"],"fullName":"MCPClientManager Integration Tests: Stress Testing should handle multiple concurrent client requests","status":"passed","title":"should handle multiple concurrent client requests","duration":101.52696300000002,"failureMessages":[],"meta":{}},{"ancestorTitles":["MCPClientManager Integration Tests: Stress Testing"],"fullName":"MCPClientManager Integration Tests: Stress Testing should handle rapid create/dispose cycles","status":"passed","title":"should handle rapid create/dispose cycles","duration":502.5473999999999,"failureMessages":[],"meta":{}}],"startTime":1761887732772,"endTime":1761887733700.5474,"status":"passed","message":"","name":"/workspaces/ProspectPro/dev-tools/agents/client-service-layer/__tests__/MCPClientManager.integration.test.ts"},{"assertionResults":[{"ancestorTitles":["MCPClientManager","initialize"],"fullName":"MCPClientManager initialize should initialize successfully with valid config","status":"passed","title":"should initialize successfully with valid config","duration":3.586229000000003,"failureMessages":[],"meta":{}},{"ancestorTitles":["MCPClientManager","initialize"],"fullName":"MCPClientManager initialize should handle config warnings","status":"passed","title":"should handle config warnings","duration":0.41811000000001286,"failureMessages":[],"meta":{}},{"ancestorTitles":["MCPClientManager","initialize"],"fullName":"MCPClientManager initialize should throw error on config load failure","status":"passed","title":"should throw error on config load failure","duration":2.170106999999973,"failureMessages":[],"meta":{}},{"ancestorTitles":["MCPClientManager","getClient"],"fullName":"MCPClientManager getClient should throw error if not initialized","status":"passed","title":"should throw error if not initialized","duration":0.5156020000000012,"failureMessages":[],"meta":{}},{"ancestorTitles":["MCPClientManager","getClient"],"fullName":"MCPClientManager getClient should return client for valid server","status":"passed","title":"should return client for valid server","duration":100.47523100000001,"failureMessages":[],"meta":{}},{"ancestorTitles":["MCPClientManager","getClient"],"fullName":"MCPClientManager getClient should throw error for unknown server","status":"passed","title":"should throw error for unknown server","duration":0.46335399999998117,"failureMessages":[],"meta":{}},{"ancestorTitles":["MCPClientManager","retry logic"],"fullName":"MCPClientManager retry logic should retry on failure and succeed","status":"passed","title":"should retry on failure and succeed","duration":1059.0231,"failureMessages":[],"meta":{}},{"ancestorTitles":["MCPClientManager","retry logic"],"fullName":"MCPClientManager retry logic should fail after max attempts","status":"passed","title":"should fail after max attempts","duration":2949.2927879999997,"failureMessages":[],"meta":{}},{"ancestorTitles":["MCPClientManager","dispose and destroyAll"],"fullName":"MCPClientManager dispose and destroyAll should dispose client successfully","status":"passed","title":"should dispose client successfully","duration":0.7652879999996003,"failureMessages":[],"meta":{}},{"ancestorTitles":["MCPClientManager","dispose and destroyAll"],"fullName":"MCPClientManager dispose and destroyAll should handle dispose errors gracefully","status":"passed","title":"should handle dispose errors gracefully","duration":0.9321780000000217,"failureMessages":[],"meta":{}},{"ancestorTitles":["MCPClientManager","dispose and destroyAll"],"fullName":"MCPClientManager dispose and destroyAll should destroy all clients","status":"passed","title":"should destroy all clients","duration":1.6719490000004953,"failureMessages":[],"meta":{}}],"startTime":1761887728330,"endTime":1761887732449.6719,"status":"passed","message":"","name":"/workspaces/ProspectPro/dev-tools/agents/client-service-layer/__tests__/MCPClientManager.test.ts"},{"assertionResults":[{"ancestorTitles":["WorkspaceContext","getWorkspaceRoot"],"fullName":"WorkspaceContext getWorkspaceRoot should return injected root when provided","status":"passed","title":"should return injected root when provided","duration":1.321805999999981,"failureMessages":[],"meta":{}},{"ancestorTitles":["WorkspaceContext","getWorkspaceRoot"],"fullName":"WorkspaceContext getWorkspaceRoot should return VS Code workspace folder when available","status":"passed","title":"should return VS Code workspace folder when available","duration":0.1724619999999959,"failureMessages":[],"meta":{}},{"ancestorTitles":["WorkspaceContext","getWorkspaceRoot"],"fullName":"WorkspaceContext getWorkspaceRoot should prioritize injected root over VS Code folders","status":"passed","title":"should prioritize injected root over VS Code folders","duration":0.14374800000001642,"failureMessages":[],"meta":{}},{"ancestorTitles":["WorkspaceContext","getWorkspaceRoot"],"fullName":"WorkspaceContext getWorkspaceRoot should throw error when no workspace root available","status":"passed","title":"should throw error when no workspace root available","duration":0.9635470000000055,"failureMessages":[],"meta":{}}],"startTime":1761887734789,"endTime":1761887734791.9636,"status":"passed","message":"","name":"/workspaces/ProspectPro/dev-tools/agents/client-service-layer/__tests__/WorkspaceContext.test.ts"},{"assertionResults":[{"ancestorTitles":["Frontend utilities"],"fullName":"Frontend utilities should have basic test coverage","status":"passed","title":"should have basic test coverage","duration":1.3233889999999633,"failureMessages":[],"meta":{}}],"startTime":1761887735487,"endTime":1761887735488.3235,"status":"passed","message":"","name":"/workspaces/ProspectPro/app/frontend/src/utils/__tests__/basic.test.ts"},{"assertionResults":[{"ancestorTitles":["transformCampaignData"],"fullName":"transformCampaignData normalizes campaign status, metrics, and lead enrichment","status":"passed","title":"normalizes campaign status, metrics, and lead enrichment","duration":3.967309,"failureMessages":[],"meta":{}},{"ancestorTitles":["transformCampaignData"],"fullName":"transformCampaignData provides safe defaults when enrichment data is missing","status":"passed","title":"provides safe defaults when enrichment data is missing","duration":0.7098040000000196,"failureMessages":[],"meta":{}},{"ancestorTitles":["transformCampaignData"],"fullName":"transformCampaignData drops leads that do not have an identifier","status":"passed","title":"drops leads that do not have an identifier","duration":1.7851999999999748,"failureMessages":[],"meta":{}}],"startTime":1761887734010,"endTime":1761887734016.7852,"status":"passed","message":"","name":"/workspaces/ProspectPro/app/frontend/src/utils/__tests__/campaignTransforms.test.ts"},{"assertionResults":[{"ancestorTitles":["Smoke tests"],"fullName":"Smoke tests should pass basic smoke test","status":"passed","title":"should pass basic smoke test","duration":1.2720029999999838,"failureMessages":[],"meta":{}}],"startTime":1761887736099,"endTime":1761887736100.272,"status":"passed","message":"","name":"/workspaces/ProspectPro/app/frontend/src/utils/__tests__/smoke.test.ts"},{"assertionResults":[{"ancestorTitles":["client-service-layer unit tests"],"fullName":"client-service-layer unit tests should pass placeholder test","status":"passed","title":"should pass placeholder test","duration":1.2930020000000013,"failureMessages":[],"meta":{}}],"startTime":1761887736410,"endTime":1761887736411.293,"status":"passed","message":"","name":"/workspaces/ProspectPro/dev-tools/testing/agents/client-service-layer/unit/client-service-layer.test.ts"},{"assertionResults":[{"ancestorTitles":["context unit tests"],"fullName":"context unit tests should pass placeholder test","status":"passed","title":"should pass placeholder test","duration":1.285447999999974,"failureMessages":[],"meta":{}}],"startTime":1761887735111,"endTime":1761887735112.2854,"status":"passed","message":"","name":"/workspaces/ProspectPro/dev-tools/testing/agents/context/unit/context.test.ts"},{"assertionResults":[{"ancestorTitles":["mcp-servers unit tests"],"fullName":"mcp-servers unit tests should pass placeholder test","status":"passed","title":"should pass placeholder test","duration":1.2739559999999983,"failureMessages":[],"meta":{}}],"startTime":1761887735799,"endTime":1761887735800.274,"status":"passed","message":"","name":"/workspaces/ProspectPro/dev-tools/testing/agents/mcp-servers/unit/mcp-servers.test.ts"}],"coverageMap":{}}